[2025-10-22 12:03:35] - [32minfo[39m: server listening on port 3000
[2025-10-22 12:03:50] - [32minfo[39m: server listening on port 3000
[2025-10-22 12:05:50] - [32minfo[39m: server listening on port 3000
[2025-10-22 12:06:30] - [32minfo[39m: server listening on port 3000
[2025-10-22 12:06:32] - [31merror[39m: [DATABASE ERROR] -> ER_NO_SUCH_TABLE: Table '2025_katicabufe.users' doesn't exist
[2025-10-22 12:06:43] - [32minfo[39m: server listening on port 3000
[2025-10-22 12:06:45] - [31merror[39m: [DATABASE ERROR] -> ER_NO_SUCH_TABLE: Table '2025_katicabufe.users' doesn't exist
[2025-10-22 12:06:46] - [31merror[39m: [DATABASE ERROR] -> ER_NO_SUCH_TABLE: Table '2025_katicabufe.users' doesn't exist
[2025-10-22 12:06:55] - [32minfo[39m: server listening on port 3000
[2025-10-22 12:06:57] - [36mverbose[39m: [GET//kategoria] - 3 record(s) sent. | 53 ms
[2025-10-22 12:06:57] - [36mverbose[39m: [GET /forgalom] -> 3 rekord küldve válaszként
[2025-10-22 12:08:08] - [32minfo[39m: server listening on port 3000
[2025-10-22 12:14:33] - [32minfo[39m: server listening on port 3000
[2025-10-22 12:14:54] - [32minfo[39m: server listening on port 3000
[2025-10-22 12:15:18] - [36mverbose[39m: [GET//kategoria] - 3 record(s) sent. | 10 ms
[2025-10-22 12:15:18] - [36mverbose[39m: [GET /kategoria] -> 3 rekord küldve válaszként
[2025-10-22 12:15:22] - [36mverbose[39m: [GET//kategoria/3] - 1 record(s) sent. | 1 ms
[2025-10-22 12:15:22] - [36mverbose[39m: [GET /kategoria] -> 1 rekord küldve válaszként
[2025-10-22 12:15:47] - [32minfo[39m: server listening on port 3000
[2025-10-22 12:17:07] - [32minfo[39m: server listening on port 3000
[2025-10-22 12:17:54] - [32minfo[39m: server listening on port 3000
[2025-11-03 08:12:06] - [32minfo[39m: server listening on port 3000
[2025-11-03 09:23:25] - [32minfo[39m: server listening on port 3000
[2025-11-03 09:28:04] - [32minfo[39m: server listening on port 3000
[2025-11-03 09:31:12] - [32minfo[39m: server listening on port 3000
[2025-11-03 09:31:56] - [36mverbose[39m: [POST//kategoria] - 1 record(s) affected. | 6 ms
[2025-11-03 09:32:32] - [32minfo[39m: server listening on port 3000
[2025-11-03 09:32:33] - [32minfo[39m: server listening on port 3000
[2025-11-03 09:32:36] - [36mverbose[39m: [POST//kategoria] - 1 record(s) affected. | 8 ms
[2025-11-03 09:32:36] - [36mverbose[39m: [POST /kategoria] -> undefined rekord feltöltésre került.
[2025-11-03 09:53:08] - [32minfo[39m: server listening on port 3000
[2025-11-03 09:53:49] - [32minfo[39m: server listening on port 3000
[2025-11-03 09:53:53] - [32minfo[39m: server listening on port 3000
[2025-11-03 09:59:12] - [32minfo[39m: server listening on port 3000
[2025-11-03 09:59:52] - [32minfo[39m: server listening on port 3000
[2025-11-03 10:00:41] - [36mverbose[39m: [POST//kategoria] - 1 record(s) affected. | 7 ms
[2025-11-03 10:00:41] - [36mverbose[39m: [POST /kategoria] -> undefined rekord feltöltésre került.
[2025-11-03 10:01:58] - [32minfo[39m: server listening on port 3000
[2025-11-03 10:02:19] - [36mverbose[39m: [PATCH//kategoria/16] - 1 record(s) affected. | 10 ms
[2025-11-03 10:02:19] - [36mverbose[39m: [POST /kategoria] -> undefined rekord feltöltésre került.
[2025-11-03 10:02:38] - [36mverbose[39m: [GET//kategoria] - 6 record(s) sent. | 2 ms
[2025-11-03 10:02:38] - [36mverbose[39m: [GET /kategoria] -> 6 rekord küldve válaszként
[2025-11-03 10:04:27] - [32minfo[39m: server listening on port 3000
[2025-11-03 10:04:34] - [32minfo[39m: server listening on port 3000
[2025-11-03 10:08:18] - [32minfo[39m: server listening on port 3000
[2025-11-03 10:26:38] - [32minfo[39m: server listening on port 3000
[2025-11-03 10:58:02] - [32minfo[39m: server listening on port 3000
[2025-11-03 11:10:04] - [32minfo[39m: server listening on port 3000
[2025-11-03 11:10:18] - [31merror[39m: [DATABASE ERROR] -> ER_PARSE_ERROR: You have an error in your SQL syntax; check the manual that corresponds to your MariaDB server version for the right syntax to use near ' -294446298, 236050790, 1801662194, -1178700058, `sigBytes` = 20, `$super` = ...' at line 1
[2025-11-03 11:11:03] - [32minfo[39m: server listening on port 3000
[2025-11-03 11:11:12] - [36mverbose[39m: [POST//users/login] - 1 record(s) affected. | 7 ms
[2025-11-03 11:11:12] - [36mverbose[39m: [GET /users] -> 1 rekord küldve válaszként
[2025-11-03 11:16:34] - [32minfo[39m: server listening on port 3000
[2025-11-03 11:22:03] - [32minfo[39m: server listening on port 3000
[2025-11-03 11:23:47] - [36mverbose[39m: [POST//users/registration] - 1 record(s) affected. | 9 ms
[2025-11-03 11:23:47] - [36mverbose[39m: [POST /users] -> undefined rekord feltöltésre került.
[2025-11-03 11:24:01] - [36mverbose[39m: [POST//users/login] - 1 record(s) affected. | 2 ms
[2025-11-03 11:24:01] - [36mverbose[39m: [GET /users] -> 1 rekord küldve válaszként
[2025-11-03 11:51:01] - [32minfo[39m: server listening on port 3000
[2025-11-03 11:52:41] - [32minfo[39m: server listening on port 3000
[2025-11-03 11:52:42] - [32minfo[39m: server listening on port 3000
[2025-11-03 11:55:13] - [32minfo[39m: server listening on port 3000
[2025-11-03 12:02:45] - [32minfo[39m: server listening on port 3000
[2025-11-03 12:02:47] - [32minfo[39m: server listening on port 3000
[2025-11-03 12:04:54] - [32minfo[39m: server listening on port 3000
[2025-11-03 12:05:34] - [32minfo[39m: server listening on port 3000
[2025-11-03 12:09:03] - [32minfo[39m: server listening on port 3000
[2025-11-03 12:19:09] - [32minfo[39m: server listening on port 3000
[2025-11-03 12:20:27] - [32minfo[39m: server listening on port 3000
[2025-11-03 12:21:01] - [32minfo[39m: server listening on port 3000
[2025-11-03 12:22:19] - [32minfo[39m: server listening on port 3000
[2025-11-03 12:23:54] - [32minfo[39m: server listening on port 3000
[2025-11-03 12:25:01] - [32minfo[39m: server listening on port 3000
[2025-11-03 12:26:28] - [32minfo[39m: server listening on port 3000
